2014-09-22 18:15:48,259:INFO    :root                :MainThread     : Root log configured. (boot.configure_logger() @458)
2014-09-22 18:15:48,264:DEBUG   :__main__            :MainThread     : Running Python 3.4.1.final.0 from /Library/Frameworks/Python.framework/Versions/3.4/bin/python3 (boot.load_isolate() @118)
2014-09-22 18:15:48,265:DEBUG   :__main__            :MainThread     : Starting Pelix framework with properties:
{'cohorte.base': '/Users/debbabi/dev/github/cohorte-community/demos/spellchecker/platforms/base',
 'cohorte.composer.top.run': True,
 'cohorte.debug': True,
 'cohorte.home': '/Users/debbabi/dev/github/cohorte-community/platforms/home',
 'cohorte.log.color': False,
 'cohorte.verbose': True,
 'pelix.debug': True} (boot.load_isolate() @120)
2014-09-22 18:15:48,265:DEBUG   :__main__            :MainThread     : Installing bundle pelix.ipopo.core... (boot._run_framework() @207)
2014-09-22 18:15:48,270:DEBUG   :__main__            :MainThread     : Bundle pelix.ipopo.core (1) started (boot._run_framework() @211)
2014-09-22 18:15:48,270:DEBUG   :__main__            :MainThread     : Installing bundle cohorte.config.finder... (boot._run_framework() @207)
2014-09-22 18:15:48,272:DEBUG   :__main__            :MainThread     : Bundle cohorte.config.finder (6) started (boot._run_framework() @211)
2014-09-22 18:15:48,272:DEBUG   :__main__            :MainThread     : Installing bundle cohorte.config.reader... (boot._run_framework() @207)
2014-09-22 18:15:48,277:DEBUG   :__main__            :MainThread     : Bundle cohorte.config.reader (7) started (boot._run_framework() @211)
2014-09-22 18:15:48,277:DEBUG   :__main__            :MainThread     : Installing bundle cohorte.config.parser... (boot._run_framework() @207)
2014-09-22 18:15:48,282:DEBUG   :__main__            :MainThread     : Bundle cohorte.config.parser (8) started (boot._run_framework() @211)
2014-09-22 18:15:48,282:DEBUG   :__main__            :MainThread     : Using isolate loader: cohorte.boot.loaders.forker. (boot._run_framework() @223)
2014-09-22 18:15:48,285:DEBUG   :__main__            :MainThread     : Instantiating component of type 'cohorte-loader-forker-factory' (boot._get_loader() @87)
2014-09-22 18:15:48,286:DEBUG   :__main__            :MainThread     : Isolate booting... (boot._run_framework() @229)
2014-09-22 18:15:48,286:INFO    :cohorte.boot.loaders.forker:MainThread     : Loading a forker with the following properties:
* Home.....: /Users/debbabi/dev/github/cohorte-community/platforms/home
* Base.....: /Users/debbabi/dev/github/cohorte-community/demos/spellchecker/platforms/base
* Node UID.: 1ddb5537-af0a-4b03-8395-d0032e0323ee
* Node Name: central
* UID......: d1920784-c86e-446c-ab80-716c6714aafa (forker.load() @224)
2014-09-22 18:15:48,441:INFO    :pelix.shell.core    :MainThread     : Shell services registered (core.start() @1485)
2014-09-22 18:15:48,482:INFO    :pelix-http-service  :MainThread     : Starting HTTP server: [::]:8000 ... (basic.log() @707)
2014-09-22 18:15:48,486:INFO    :pelix-http-service  :MainThread     : HTTP server started: [::]:8000 (basic.log() @707)
2014-09-22 18:15:48,490:DEBUG   :herald.core         :MainThread     : No peer to send the message to. (core.fire_group() @712)
2014-09-22 18:15:48,495:INFO    :pelix.shell.remote  :MainThread     : RemoteShell validated on port: 8001 (remote.validate() @370)
2014-09-22 18:15:48,497:INFO    :cohorte.debug.servlet:MainThread     : Debug servlet Ready (servlet.validate() @344)
2014-09-22 18:15:48,500:DEBUG   :cohorte.forker.state:MainThread     : Isolate directory validated (state.validate() @176)
2014-09-22 18:15:48,500:DEBUG   :cohorte.forker.state_updater:MainThread     : State updater validated (state_updater.validate() @172)
2014-09-22 18:15:48,501:INFO    :cohorte.monitor.status:MainThread     : Monitor status validated (status.validate() @180)
2014-09-22 18:15:48,833:WARNING :cohorte.repositories.python.modules:MainThread     : Error analyzing /Users/debbabi/dev/github/cohorte-community/platforms/home/lib/jpype-py2/_jarray.py: Error parsing /Users/debbabi/Dropbox/dev/github/cohorte-community/platforms/home/lib/jpype-py2/_jarray.py: invalid syntax (_jarray.py, line 69) (modules.add_directory() @359)
2014-09-22 18:15:48,834:WARNING :cohorte.repositories.python.modules:MainThread     : Error analyzing /Users/debbabi/dev/github/cohorte-community/platforms/home/lib/jpype-py2/_jclass.py: Error parsing /Users/debbabi/Dropbox/dev/github/cohorte-community/platforms/home/lib/jpype-py2/_jclass.py: invalid syntax (_jclass.py, line 93) (modules.add_directory() @359)
2014-09-22 18:15:48,836:WARNING :cohorte.repositories.python.modules:MainThread     : Error analyzing /Users/debbabi/dev/github/cohorte-community/platforms/home/lib/jpype-py2/_jexception.py: Error parsing /Users/debbabi/Dropbox/dev/github/cohorte-community/platforms/home/lib/jpype-py2/_jexception.py: inconsistent use of tabs and spaces in indentation (_jexception.py, line 72) (modules.add_directory() @359)
2014-09-22 18:15:48,837:WARNING :cohorte.repositories.python.modules:MainThread     : Error analyzing /Users/debbabi/dev/github/cohorte-community/platforms/home/lib/jpype-py2/_jpackage.py: Error parsing /Users/debbabi/Dropbox/dev/github/cohorte-community/platforms/home/lib/jpype-py2/_jpackage.py: invalid syntax (_jpackage.py, line 46) (modules.add_directory() @359)
2014-09-22 18:15:48,838:WARNING :cohorte.repositories.python.modules:MainThread     : Error analyzing /Users/debbabi/dev/github/cohorte-community/platforms/home/lib/jpype-py2/_jproxy.py: Error parsing /Users/debbabi/Dropbox/dev/github/cohorte-community/platforms/home/lib/jpype-py2/_jproxy.py: invalid syntax (_jproxy.py, line 40) (modules.add_directory() @359)
2014-09-22 18:15:48,839:WARNING :cohorte.repositories.python.modules:MainThread     : Error analyzing /Users/debbabi/dev/github/cohorte-community/platforms/home/lib/jpype-py2/_jwrapper.py: Error parsing /Users/debbabi/Dropbox/dev/github/cohorte-community/platforms/home/lib/jpype-py2/_jwrapper.py: invalid syntax (_jwrapper.py, line 86) (modules.add_directory() @359)
2014-09-22 18:15:48,841:WARNING :cohorte.repositories.python.modules:MainThread     : Error analyzing /Users/debbabi/dev/github/cohorte-community/platforms/home/lib/jpype-py2/_refdaemon.py: Error parsing /Users/debbabi/Dropbox/dev/github/cohorte-community/platforms/home/lib/jpype-py2/_refdaemon.py: inconsistent use of tabs and spaces in indentation (_refdaemon.py, line 27) (modules.add_directory() @359)
2014-09-22 18:15:49,002:INFO    :cohorte.monitor.basic:Thread-2       : Monitor core validated (basic.validate() @444)
2014-09-22 18:15:49,013:ERROR   :cohorte.config.reader:Thread-2       : Can't read file 'autorun_isolates.js': File not found: 'autorun_isolates.js' (base: conf) (reader.load_file() @484)
2014-09-22 18:15:49,525:DEBUG   :herald.core         :Thread-3       : No peer to send the message to. (core.fire_group() @712)
2014-09-22 18:15:49,803:DEBUG   :__main__            :MainThread     : Isolate loaded. (boot._run_framework() @247)
2014-09-22 18:15:49,804:DEBUG   :__main__            :MainThread     : Waiting for the isolate to stop... (boot._run_framework() @250)
2014-09-22 18:15:49,862:WARNING :cohorte.repositories.python.ipopo:iPOPO-repository-loader: Factory name 'FACTORY_MONITOR' is unknown (MonitorBotWrapper) (ipopo.visit_ClassDef() @89)
2014-09-22 18:15:49,879:WARNING :cohorte.repositories.python.ipopo:iPOPO-repository-loader: Factory name 'FACTORY_TRANSPORT' is unknown (XmppTransport) (ipopo.visit_ClassDef() @89)
2014-09-22 18:15:49,926:WARNING :cohorte.repositories.python.ipopo:iPOPO-repository-loader: Invalid factory name for class IPopoXMPPShell: malformed node or string: <_ast.Attribute object at 0x1098b42b0> (ipopo.visit_ClassDef() @98)
2014-09-22 18:15:49,965:WARNING :cohorte.repositories.python.ipopo:iPOPO-repository-loader: Invalid factory name for class EventAdminPrinter: malformed node or string: <_ast.Attribute object at 0x1098d7ac8> (ipopo.visit_ClassDef() @98)
2014-09-22 18:15:50,056:WARNING :cohorte.repositories.python.ipopo:iPOPO-repository-loader: Invalid factory name for class ZeroconfDiscovery: malformed node or string: <_ast.Attribute object at 0x1098dc240> (ipopo.visit_ClassDef() @98)
2014-09-22 18:15:50,068:WARNING :cohorte.repositories.python.ipopo:iPOPO-repository-loader: Factory name 'FACTORY_DISCOVERY_MULTICAST' is unknown (MulticastHeartbeat) (ipopo.visit_ClassDef() @89)
2014-09-22 18:15:50,077:WARNING :cohorte.repositories.python.ipopo:iPOPO-repository-loader: Invalid factory name for class JabsorbRpcServiceExporter: malformed node or string: <_ast.Attribute object at 0x1098b4da0> (ipopo.visit_ClassDef() @98)
2014-09-22 18:15:50,077:WARNING :cohorte.repositories.python.ipopo:iPOPO-repository-loader: Invalid factory name for class JabsorbRpcServiceImporter: malformed node or string: <_ast.Attribute object at 0x1098cc048> (ipopo.visit_ClassDef() @98)
2014-09-22 18:15:50,079:WARNING :cohorte.repositories.python.ipopo:iPOPO-repository-loader: Invalid factory name for class XmlRpcServiceExporter: malformed node or string: <_ast.Attribute object at 0x1098189b0> (ipopo.visit_ClassDef() @98)
2014-09-22 18:15:50,079:WARNING :cohorte.repositories.python.ipopo:iPOPO-repository-loader: Invalid factory name for class XmlRpcServiceImporter: malformed node or string: <_ast.Attribute object at 0x1098e6c18> (ipopo.visit_ClassDef() @98)
2014-09-22 18:15:50,175:WARNING :cohorte.repositories.python.ipopo:iPOPO-repository-loader: Invalid factory name for class JsonRpcServiceExporter: malformed node or string: <_ast.Attribute object at 0x109cf3c88> (ipopo.visit_ClassDef() @98)
2014-09-22 18:15:50,175:WARNING :cohorte.repositories.python.ipopo:iPOPO-repository-loader: Invalid factory name for class JsonRpcServiceImporter: malformed node or string: <_ast.Attribute object at 0x1098b48d0> (ipopo.visit_ClassDef() @98)
2014-09-22 18:15:50,225:WARNING :cohorte.repositories.python.ipopo:iPOPO-repository-loader: Factory name 'FACTORY_SERVLET' is unknown (HeraldServlet) (ipopo.visit_ClassDef() @89)
2014-09-22 18:15:50,248:WARNING :cohorte.repositories.python.ipopo:iPOPO-repository-loader: Invalid factory name for class MqttEventAdminBridge: malformed node or string: <_ast.Attribute object at 0x1098acda0> (ipopo.visit_ClassDef() @98)
2014-09-22 18:15:50,264:WARNING :cohorte.repositories.python.ipopo:iPOPO-repository-loader: Invalid factory name for class MulticastDiscovery: malformed node or string: <_ast.Attribute object at 0x1098cc668> (ipopo.visit_ClassDef() @98)
2014-09-22 18:15:50,318:WARNING :cohorte.repositories.python.ipopo:iPOPO-repository-loader: Invalid factory name for class HeraldRpcServiceExporter: malformed node or string: <_ast.Attribute object at 0x1098bc710> (ipopo.visit_ClassDef() @98)
2014-09-22 18:15:50,318:WARNING :cohorte.repositories.python.ipopo:iPOPO-repository-loader: Invalid factory name for class HeraldRpcServiceImporter: malformed node or string: <_ast.Attribute object at 0x1098bb470> (ipopo.visit_ClassDef() @98)
2014-09-22 18:15:50,330:WARNING :cohorte.repositories.python.ipopo:iPOPO-repository-loader: Invalid factory name for class MqttDiscovery: malformed node or string: <_ast.Attribute object at 0x1098dd128> (ipopo.visit_ClassDef() @98)
2014-09-22 18:15:50,347:WARNING :cohorte.repositories.python.ipopo:iPOPO-repository-loader: Invalid factory name for class EventAdmin: malformed node or string: <_ast.Attribute object at 0x1098d77f0> (ipopo.visit_ClassDef() @98)
2014-09-22 18:15:50,384:WARNING :cohorte.repositories.python.ipopo:iPOPO-repository-loader: Invalid factory name for class HttpService: malformed node or string: <_ast.Attribute object at 0x109cd69e8> (ipopo.visit_ClassDef() @98)
2014-09-22 18:15:50,430:WARNING :cohorte.repositories.python.ipopo:iPOPO-repository-loader: Invalid factory name for class HeraldRpcServiceExporter: malformed node or string: <_ast.Attribute object at 0x1098bb4e0> (ipopo.visit_ClassDef() @98)
2014-09-22 18:15:50,431:WARNING :cohorte.repositories.python.ipopo:iPOPO-repository-loader: Invalid factory name for class HeraldRpcServiceImporter: malformed node or string: <_ast.Attribute object at 0x109cd5ba8> (ipopo.visit_ClassDef() @98)
2014-09-22 18:15:50,523:WARNING :cohorte.repositories.python.ipopo:iPOPO-repository-loader: Invalid factory name for class HeraldDiscovery: malformed node or string: <_ast.Attribute object at 0x109cf3240> (ipopo.visit_ClassDef() @98)
2014-09-22 18:15:50,631:WARNING :cohorte.repositories.python.ipopo:iPOPO-repository-loader: Invalid factory name for class IPopoRemoteShell: malformed node or string: <_ast.Attribute object at 0x1098d40f0> (ipopo.visit_ClassDef() @98)
2014-09-22 18:15:50,710:WARNING :cohorte.repositories.python.ipopo:iPOPO-repository-loader: Invalid factory name for class HeraldRpcServiceExporter: malformed node or string: <_ast.Attribute object at 0x1098c6f98> (ipopo.visit_ClassDef() @98)
2014-09-22 18:15:50,711:WARNING :cohorte.repositories.python.ipopo:iPOPO-repository-loader: Invalid factory name for class HeraldRpcServiceImporter: malformed node or string: <_ast.Attribute object at 0x1098e45c0> (ipopo.visit_ClassDef() @98)
2014-09-22 18:15:50,723:WARNING :cohorte.repositories.python.ipopo:iPOPO-repository-loader: Invalid factory name for class MqttRpcServiceExporter: malformed node or string: <_ast.Attribute object at 0x1098d78d0> (ipopo.visit_ClassDef() @98)
2014-09-22 18:15:50,723:WARNING :cohorte.repositories.python.ipopo:iPOPO-repository-loader: Invalid factory name for class MqttRpcServiceImporter: malformed node or string: <_ast.Attribute object at 0x1098ca208> (ipopo.visit_ClassDef() @98)
2014-09-22 18:15:50,781:WARNING :cohorte.repositories.python.ipopo:iPOPO-repository-loader: Invalid factory name for class RegistryServlet: malformed node or string: <_ast.Attribute object at 0x109cdb668> (ipopo.visit_ClassDef() @98)
2014-09-22 18:15:50,850:WARNING :cohorte.repositories.python.ipopo:iPOPO-repository-loader: Invalid factory name for class JsonPersistence: malformed node or string: <_ast.Attribute object at 0x109cece10> (ipopo.visit_ClassDef() @98)
2014-09-22 18:15:54,624:CRITICAL:cohorte.composer.node.top_store:Pelix-Shell-TextConsole: Storing 2a70b4ff-10af-4206-8e57-7832f1698867 (top_store.store() @120)
2014-09-22 18:15:54,625:INFO    :cohorte.composer.node.criteria.distance.history:Pelix-Shell-TextConsole: Using neutral candidate for dictionary_en_python (history.vote() @222)
2014-09-22 18:15:54,626:INFO    :cohorte.composer.node.criteria.distance.history:Pelix-Shell-TextConsole: Vote preference for dictionary_fr_python: Neutral (history.vote() @214)
2014-09-22 18:15:54,626:INFO    :cohorte.composer.node.criteria.distance.history:Pelix-Shell-TextConsole: Vote preference for spell_checker_python: Neutral (history.vote() @214)
2014-09-22 18:15:54,626:INFO    :cohorte.composer.node.criteria.distance.history:Pelix-Shell-TextConsole: Vote preference for spell_client_python: Neutral (history.vote() @214)
2014-09-22 18:15:54,627:CRITICAL:cohorte.composer.node.history:Pelix-Shell-TextConsole: Stored in history:
{'central-python-auto01': ('dictionary_en_python',
                           'dictionary_fr_python',
                           'spell_checker_python',
                           'spell_client_python')} (history.store() @127)
2014-09-22 18:15:54,627:DEBUG   :cohorte.composer.node.composer:NodeComposer-Starter-1: Starting isolate: Isolate(central-python-auto01, python, {RawComponent(spell_client_factory, spell_client_python), RawComponent(spell_checker_factory, spell_checker_python), RawComponent(spell_dictionary_en_factory, dictionary_en_python), RawComponent(spell_dictionary_fr_factory, dictionary_fr_python)}) -- kind=pelix -- language=python (composer._start_isolate() @274)
2014-09-22 18:15:54,657:DEBUG   :cohorte.monitor.status:NodeComposer-Starter-1: New isolate FSM: f1e6e214-8e22-4944-8a4b-fbd34802a8c2 (status.add_isolate() @65)
2014-09-22 18:15:54,662:DEBUG   :cohorte.forker.basic:NodeComposer-Starter-1: Waiting for f1e6e214-8e22-4944-8a4b-fbd34802a8c2 to come up (basic.start_isolate() @216)
2014-09-22 18:16:04,629:WARNING :cohorte.composer.node.composer:Thread-5       : !! Node Composer starts redistribution !!! (composer._redistribute() @339)
2014-09-22 18:16:04,642:INFO    :cohorte.composer.node.criteria.distance.history:Thread-5       : Vote preference for dictionary_en_python: central-python-auto01 (history.vote() @214)
2014-09-22 18:16:04,642:INFO    :cohorte.composer.node.criteria.distance.history:Thread-5       : Vote preference for dictionary_fr_python: central-python-auto01 (history.vote() @214)
2014-09-22 18:16:04,643:INFO    :cohorte.composer.node.criteria.distance.history:Thread-5       : Vote preference for spell_checker_python: central-python-auto01 (history.vote() @214)
2014-09-22 18:16:04,643:INFO    :cohorte.composer.node.criteria.distance.history:Thread-5       : Vote preference for spell_client_python: central-python-auto01 (history.vote() @214)
2014-09-22 18:16:04,643:DEBUG   :cohorte.composer.node.composer:Thread-5       : No modification to do (composer._redistribute() @372)
2014-09-22 18:16:14,645:WARNING :cohorte.composer.node.composer:Thread-6       : !! Node Composer starts redistribution !!! (composer._redistribute() @339)
2014-09-22 18:16:14,657:INFO    :cohorte.composer.node.criteria.distance.history:Thread-6       : Vote preference for dictionary_en_python: central-python-auto01 (history.vote() @214)
2014-09-22 18:16:14,657:INFO    :cohorte.composer.node.criteria.distance.history:Thread-6       : Vote preference for dictionary_fr_python: central-python-auto01 (history.vote() @214)
2014-09-22 18:16:14,658:INFO    :cohorte.composer.node.criteria.distance.history:Thread-6       : Vote preference for spell_checker_python: central-python-auto01 (history.vote() @214)
2014-09-22 18:16:14,658:INFO    :cohorte.composer.node.criteria.distance.history:Thread-6       : Vote preference for spell_client_python: central-python-auto01 (history.vote() @214)
2014-09-22 18:16:14,658:DEBUG   :cohorte.composer.node.composer:Thread-6       : No modification to do (composer._redistribute() @372)
2014-09-22 18:16:24,659:WARNING :cohorte.composer.node.composer:Thread-7       : !! Node Composer starts redistribution !!! (composer._redistribute() @339)
2014-09-22 18:16:24,671:INFO    :cohorte.composer.node.criteria.distance.history:Thread-7       : Vote preference for dictionary_en_python: central-python-auto01 (history.vote() @214)
2014-09-22 18:16:24,671:INFO    :cohorte.composer.node.criteria.distance.history:Thread-7       : Vote preference for dictionary_fr_python: central-python-auto01 (history.vote() @214)
2014-09-22 18:16:24,671:INFO    :cohorte.composer.node.criteria.distance.history:Thread-7       : Vote preference for spell_checker_python: central-python-auto01 (history.vote() @214)
2014-09-22 18:16:24,672:INFO    :cohorte.composer.node.criteria.distance.history:Thread-7       : Vote preference for spell_client_python: central-python-auto01 (history.vote() @214)
2014-09-22 18:16:24,672:DEBUG   :cohorte.composer.node.composer:Thread-7       : No modification to do (composer._redistribute() @372)
2014-09-22 18:16:34,672:WARNING :cohorte.composer.node.composer:Thread-8       : !! Node Composer starts redistribution !!! (composer._redistribute() @339)
2014-09-22 18:16:34,682:INFO    :cohorte.composer.node.criteria.distance.history:Thread-8       : Vote preference for dictionary_en_python: central-python-auto01 (history.vote() @214)
2014-09-22 18:16:34,682:INFO    :cohorte.composer.node.criteria.distance.history:Thread-8       : Vote preference for dictionary_fr_python: central-python-auto01 (history.vote() @214)
2014-09-22 18:16:34,682:INFO    :cohorte.composer.node.criteria.distance.history:Thread-8       : Vote preference for spell_checker_python: central-python-auto01 (history.vote() @214)
2014-09-22 18:16:34,682:INFO    :cohorte.composer.node.criteria.distance.history:Thread-8       : Vote preference for spell_client_python: central-python-auto01 (history.vote() @214)
2014-09-22 18:16:34,682:DEBUG   :cohorte.composer.node.composer:Thread-8       : No modification to do (composer._redistribute() @372)
2014-09-22 18:16:44,684:WARNING :cohorte.composer.node.composer:Thread-9       : !! Node Composer starts redistribution !!! (composer._redistribute() @339)
2014-09-22 18:16:44,696:INFO    :cohorte.composer.node.criteria.distance.history:Thread-9       : Vote preference for dictionary_en_python: central-python-auto01 (history.vote() @214)
2014-09-22 18:16:44,697:INFO    :cohorte.composer.node.criteria.distance.history:Thread-9       : Vote preference for dictionary_fr_python: central-python-auto01 (history.vote() @214)
2014-09-22 18:16:44,697:INFO    :cohorte.composer.node.criteria.distance.history:Thread-9       : Vote preference for spell_checker_python: central-python-auto01 (history.vote() @214)
2014-09-22 18:16:44,698:INFO    :cohorte.composer.node.criteria.distance.history:Thread-9       : Vote preference for spell_client_python: central-python-auto01 (history.vote() @214)
2014-09-22 18:16:44,698:DEBUG   :cohorte.composer.node.composer:Thread-9       : No modification to do (composer._redistribute() @372)
2014-09-22 18:16:54,699:WARNING :cohorte.composer.node.composer:Thread-10      : !! Node Composer starts redistribution !!! (composer._redistribute() @339)
2014-09-22 18:16:54,712:INFO    :cohorte.composer.node.criteria.distance.history:Thread-10      : Vote preference for dictionary_en_python: central-python-auto01 (history.vote() @214)
2014-09-22 18:16:54,713:INFO    :cohorte.composer.node.criteria.distance.history:Thread-10      : Vote preference for dictionary_fr_python: central-python-auto01 (history.vote() @214)
2014-09-22 18:16:54,713:INFO    :cohorte.composer.node.criteria.distance.history:Thread-10      : Vote preference for spell_checker_python: central-python-auto01 (history.vote() @214)
2014-09-22 18:16:54,713:INFO    :cohorte.composer.node.criteria.distance.history:Thread-10      : Vote preference for spell_client_python: central-python-auto01 (history.vote() @214)
2014-09-22 18:16:54,714:DEBUG   :cohorte.composer.node.composer:Thread-10      : No modification to do (composer._redistribute() @372)
2014-09-22 18:17:04,715:WARNING :cohorte.composer.node.composer:Thread-11      : !! Node Composer starts redistribution !!! (composer._redistribute() @339)
2014-09-22 18:17:04,727:INFO    :cohorte.composer.node.criteria.distance.history:Thread-11      : Vote preference for dictionary_en_python: central-python-auto01 (history.vote() @214)
2014-09-22 18:17:04,727:INFO    :cohorte.composer.node.criteria.distance.history:Thread-11      : Vote preference for dictionary_fr_python: central-python-auto01 (history.vote() @214)
2014-09-22 18:17:04,728:INFO    :cohorte.composer.node.criteria.distance.history:Thread-11      : Vote preference for spell_checker_python: central-python-auto01 (history.vote() @214)
2014-09-22 18:17:04,728:INFO    :cohorte.composer.node.criteria.distance.history:Thread-11      : Vote preference for spell_client_python: central-python-auto01 (history.vote() @214)
2014-09-22 18:17:04,729:DEBUG   :cohorte.composer.node.composer:Thread-11      : No modification to do (composer._redistribute() @372)
2014-09-22 18:17:14,729:WARNING :cohorte.composer.node.composer:Thread-12      : !! Node Composer starts redistribution !!! (composer._redistribute() @339)
2014-09-22 18:17:14,742:INFO    :cohorte.composer.node.criteria.distance.history:Thread-12      : Vote preference for dictionary_en_python: central-python-auto01 (history.vote() @214)
2014-09-22 18:17:14,742:INFO    :cohorte.composer.node.criteria.distance.history:Thread-12      : Vote preference for dictionary_fr_python: central-python-auto01 (history.vote() @214)
2014-09-22 18:17:14,742:INFO    :cohorte.composer.node.criteria.distance.history:Thread-12      : Vote preference for spell_checker_python: central-python-auto01 (history.vote() @214)
2014-09-22 18:17:14,742:INFO    :cohorte.composer.node.criteria.distance.history:Thread-12      : Vote preference for spell_client_python: central-python-auto01 (history.vote() @214)
2014-09-22 18:17:14,743:DEBUG   :cohorte.composer.node.composer:Thread-12      : No modification to do (composer._redistribute() @372)
2014-09-22 18:17:24,743:WARNING :cohorte.composer.node.composer:Thread-13      : !! Node Composer starts redistribution !!! (composer._redistribute() @339)
2014-09-22 18:17:24,756:INFO    :cohorte.composer.node.criteria.distance.history:Thread-13      : Vote preference for dictionary_en_python: central-python-auto01 (history.vote() @214)
2014-09-22 18:17:24,757:INFO    :cohorte.composer.node.criteria.distance.history:Thread-13      : Vote preference for dictionary_fr_python: central-python-auto01 (history.vote() @214)
2014-09-22 18:17:24,757:INFO    :cohorte.composer.node.criteria.distance.history:Thread-13      : Vote preference for spell_checker_python: central-python-auto01 (history.vote() @214)
2014-09-22 18:17:24,757:INFO    :cohorte.composer.node.criteria.distance.history:Thread-13      : Vote preference for spell_client_python: central-python-auto01 (history.vote() @214)
2014-09-22 18:17:24,757:DEBUG   :cohorte.composer.node.composer:Thread-13      : No modification to do (composer._redistribute() @372)
2014-09-22 18:17:34,758:WARNING :cohorte.composer.node.composer:Thread-14      : !! Node Composer starts redistribution !!! (composer._redistribute() @339)
2014-09-22 18:17:34,767:INFO    :cohorte.composer.node.criteria.distance.history:Thread-14      : Vote preference for dictionary_en_python: central-python-auto01 (history.vote() @214)
2014-09-22 18:17:34,768:INFO    :cohorte.composer.node.criteria.distance.history:Thread-14      : Vote preference for dictionary_fr_python: central-python-auto01 (history.vote() @214)
2014-09-22 18:17:34,768:INFO    :cohorte.composer.node.criteria.distance.history:Thread-14      : Vote preference for spell_checker_python: central-python-auto01 (history.vote() @214)
2014-09-22 18:17:34,768:INFO    :cohorte.composer.node.criteria.distance.history:Thread-14      : Vote preference for spell_client_python: central-python-auto01 (history.vote() @214)
2014-09-22 18:17:34,769:DEBUG   :cohorte.composer.node.composer:Thread-14      : No modification to do (composer._redistribute() @372)
2014-09-22 18:17:44,770:WARNING :cohorte.composer.node.composer:Thread-15      : !! Node Composer starts redistribution !!! (composer._redistribute() @339)
2014-09-22 18:17:44,778:INFO    :cohorte.composer.node.criteria.distance.history:Thread-15      : Vote preference for dictionary_en_python: central-python-auto01 (history.vote() @214)
2014-09-22 18:17:44,778:INFO    :cohorte.composer.node.criteria.distance.history:Thread-15      : Vote preference for dictionary_fr_python: central-python-auto01 (history.vote() @214)
2014-09-22 18:17:44,779:INFO    :cohorte.composer.node.criteria.distance.history:Thread-15      : Vote preference for spell_checker_python: central-python-auto01 (history.vote() @214)
2014-09-22 18:17:44,779:INFO    :cohorte.composer.node.criteria.distance.history:Thread-15      : Vote preference for spell_client_python: central-python-auto01 (history.vote() @214)
2014-09-22 18:17:44,779:DEBUG   :cohorte.composer.node.composer:Thread-15      : No modification to do (composer._redistribute() @372)
2014-09-22 18:17:54,780:WARNING :cohorte.composer.node.composer:Thread-16      : !! Node Composer starts redistribution !!! (composer._redistribute() @339)
2014-09-22 18:17:54,792:INFO    :cohorte.composer.node.criteria.distance.history:Thread-16      : Vote preference for dictionary_en_python: central-python-auto01 (history.vote() @214)
2014-09-22 18:17:54,792:INFO    :cohorte.composer.node.criteria.distance.history:Thread-16      : Vote preference for dictionary_fr_python: central-python-auto01 (history.vote() @214)
2014-09-22 18:17:54,793:INFO    :cohorte.composer.node.criteria.distance.history:Thread-16      : Vote preference for spell_checker_python: central-python-auto01 (history.vote() @214)
2014-09-22 18:17:54,793:INFO    :cohorte.composer.node.criteria.distance.history:Thread-16      : Vote preference for spell_client_python: central-python-auto01 (history.vote() @214)
2014-09-22 18:17:54,794:DEBUG   :cohorte.composer.node.composer:Thread-16      : No modification to do (composer._redistribute() @372)
2014-09-22 18:18:04,795:WARNING :cohorte.composer.node.composer:Thread-17      : !! Node Composer starts redistribution !!! (composer._redistribute() @339)
2014-09-22 18:18:04,809:INFO    :cohorte.composer.node.criteria.distance.history:Thread-17      : Vote preference for dictionary_en_python: central-python-auto01 (history.vote() @214)
2014-09-22 18:18:04,809:INFO    :cohorte.composer.node.criteria.distance.history:Thread-17      : Vote preference for dictionary_fr_python: central-python-auto01 (history.vote() @214)
2014-09-22 18:18:04,810:INFO    :cohorte.composer.node.criteria.distance.history:Thread-17      : Vote preference for spell_checker_python: central-python-auto01 (history.vote() @214)
2014-09-22 18:18:04,810:INFO    :cohorte.composer.node.criteria.distance.history:Thread-17      : Vote preference for spell_client_python: central-python-auto01 (history.vote() @214)
2014-09-22 18:18:04,810:DEBUG   :cohorte.composer.node.composer:Thread-17      : No modification to do (composer._redistribute() @372)
2014-09-22 18:18:14,812:WARNING :cohorte.composer.node.composer:Thread-18      : !! Node Composer starts redistribution !!! (composer._redistribute() @339)
2014-09-22 18:18:14,824:INFO    :cohorte.composer.node.criteria.distance.history:Thread-18      : Vote preference for dictionary_en_python: central-python-auto01 (history.vote() @214)
2014-09-22 18:18:14,825:INFO    :cohorte.composer.node.criteria.distance.history:Thread-18      : Vote preference for dictionary_fr_python: central-python-auto01 (history.vote() @214)
2014-09-22 18:18:14,825:INFO    :cohorte.composer.node.criteria.distance.history:Thread-18      : Vote preference for spell_checker_python: central-python-auto01 (history.vote() @214)
2014-09-22 18:18:14,826:INFO    :cohorte.composer.node.criteria.distance.history:Thread-18      : Vote preference for spell_client_python: central-python-auto01 (history.vote() @214)
2014-09-22 18:18:14,826:DEBUG   :cohorte.composer.node.composer:Thread-18      : No modification to do (composer._redistribute() @372)
2014-09-22 18:18:24,827:WARNING :cohorte.composer.node.composer:Thread-19      : !! Node Composer starts redistribution !!! (composer._redistribute() @339)
2014-09-22 18:18:24,840:INFO    :cohorte.composer.node.criteria.distance.history:Thread-19      : Vote preference for dictionary_en_python: central-python-auto01 (history.vote() @214)
2014-09-22 18:18:24,840:INFO    :cohorte.composer.node.criteria.distance.history:Thread-19      : Vote preference for dictionary_fr_python: central-python-auto01 (history.vote() @214)
2014-09-22 18:18:24,841:INFO    :cohorte.composer.node.criteria.distance.history:Thread-19      : Vote preference for spell_checker_python: central-python-auto01 (history.vote() @214)
2014-09-22 18:18:24,841:INFO    :cohorte.composer.node.criteria.distance.history:Thread-19      : Vote preference for spell_client_python: central-python-auto01 (history.vote() @214)
2014-09-22 18:18:24,841:DEBUG   :cohorte.composer.node.composer:Thread-19      : No modification to do (composer._redistribute() @372)
2014-09-22 18:18:34,843:WARNING :cohorte.composer.node.composer:Thread-20      : !! Node Composer starts redistribution !!! (composer._redistribute() @339)
2014-09-22 18:18:34,856:INFO    :cohorte.composer.node.criteria.distance.history:Thread-20      : Vote preference for dictionary_en_python: central-python-auto01 (history.vote() @214)
2014-09-22 18:18:34,856:INFO    :cohorte.composer.node.criteria.distance.history:Thread-20      : Vote preference for dictionary_fr_python: central-python-auto01 (history.vote() @214)
2014-09-22 18:18:34,857:INFO    :cohorte.composer.node.criteria.distance.history:Thread-20      : Vote preference for spell_checker_python: central-python-auto01 (history.vote() @214)
2014-09-22 18:18:34,857:INFO    :cohorte.composer.node.criteria.distance.history:Thread-20      : Vote preference for spell_client_python: central-python-auto01 (history.vote() @214)
2014-09-22 18:18:34,857:DEBUG   :cohorte.composer.node.composer:Thread-20      : No modification to do (composer._redistribute() @372)
2014-09-22 18:18:44,858:WARNING :cohorte.composer.node.composer:Thread-21      : !! Node Composer starts redistribution !!! (composer._redistribute() @339)
2014-09-22 18:18:44,870:INFO    :cohorte.composer.node.criteria.distance.history:Thread-21      : Vote preference for dictionary_en_python: central-python-auto01 (history.vote() @214)
2014-09-22 18:18:44,871:INFO    :cohorte.composer.node.criteria.distance.history:Thread-21      : Vote preference for dictionary_fr_python: central-python-auto01 (history.vote() @214)
2014-09-22 18:18:44,871:INFO    :cohorte.composer.node.criteria.distance.history:Thread-21      : Vote preference for spell_checker_python: central-python-auto01 (history.vote() @214)
2014-09-22 18:18:44,871:INFO    :cohorte.composer.node.criteria.distance.history:Thread-21      : Vote preference for spell_client_python: central-python-auto01 (history.vote() @214)
2014-09-22 18:18:44,872:DEBUG   :cohorte.composer.node.composer:Thread-21      : No modification to do (composer._redistribute() @372)
2014-09-22 18:18:54,873:WARNING :cohorte.composer.node.composer:Thread-22      : !! Node Composer starts redistribution !!! (composer._redistribute() @339)
2014-09-22 18:18:54,887:INFO    :cohorte.composer.node.criteria.distance.history:Thread-22      : Vote preference for dictionary_en_python: central-python-auto01 (history.vote() @214)
2014-09-22 18:18:54,887:INFO    :cohorte.composer.node.criteria.distance.history:Thread-22      : Vote preference for dictionary_fr_python: central-python-auto01 (history.vote() @214)
2014-09-22 18:18:54,888:INFO    :cohorte.composer.node.criteria.distance.history:Thread-22      : Vote preference for spell_checker_python: central-python-auto01 (history.vote() @214)
2014-09-22 18:18:54,888:INFO    :cohorte.composer.node.criteria.distance.history:Thread-22      : Vote preference for spell_client_python: central-python-auto01 (history.vote() @214)
2014-09-22 18:18:54,888:DEBUG   :cohorte.composer.node.composer:Thread-22      : No modification to do (composer._redistribute() @372)
2014-09-22 18:19:04,890:WARNING :cohorte.composer.node.composer:Thread-23      : !! Node Composer starts redistribution !!! (composer._redistribute() @339)
2014-09-22 18:19:04,902:INFO    :cohorte.composer.node.criteria.distance.history:Thread-23      : Vote preference for dictionary_en_python: central-python-auto01 (history.vote() @214)
2014-09-22 18:19:04,902:INFO    :cohorte.composer.node.criteria.distance.history:Thread-23      : Vote preference for dictionary_fr_python: central-python-auto01 (history.vote() @214)
2014-09-22 18:19:04,903:INFO    :cohorte.composer.node.criteria.distance.history:Thread-23      : Vote preference for spell_checker_python: central-python-auto01 (history.vote() @214)
2014-09-22 18:19:04,903:INFO    :cohorte.composer.node.criteria.distance.history:Thread-23      : Vote preference for spell_client_python: central-python-auto01 (history.vote() @214)
2014-09-22 18:19:04,903:DEBUG   :cohorte.composer.node.composer:Thread-23      : No modification to do (composer._redistribute() @372)
2014-09-22 18:19:14,904:WARNING :cohorte.composer.node.composer:Thread-24      : !! Node Composer starts redistribution !!! (composer._redistribute() @339)
2014-09-22 18:19:14,916:INFO    :cohorte.composer.node.criteria.distance.history:Thread-24      : Vote preference for dictionary_en_python: central-python-auto01 (history.vote() @214)
2014-09-22 18:19:14,916:INFO    :cohorte.composer.node.criteria.distance.history:Thread-24      : Vote preference for dictionary_fr_python: central-python-auto01 (history.vote() @214)
2014-09-22 18:19:14,917:INFO    :cohorte.composer.node.criteria.distance.history:Thread-24      : Vote preference for spell_checker_python: central-python-auto01 (history.vote() @214)
2014-09-22 18:19:14,917:INFO    :cohorte.composer.node.criteria.distance.history:Thread-24      : Vote preference for spell_client_python: central-python-auto01 (history.vote() @214)
2014-09-22 18:19:14,917:DEBUG   :cohorte.composer.node.composer:Thread-24      : No modification to do (composer._redistribute() @372)
2014-09-22 18:19:24,918:WARNING :cohorte.composer.node.composer:Thread-25      : !! Node Composer starts redistribution !!! (composer._redistribute() @339)
2014-09-22 18:19:24,931:INFO    :cohorte.composer.node.criteria.distance.history:Thread-25      : Vote preference for dictionary_en_python: central-python-auto01 (history.vote() @214)
2014-09-22 18:19:24,931:INFO    :cohorte.composer.node.criteria.distance.history:Thread-25      : Vote preference for dictionary_fr_python: central-python-auto01 (history.vote() @214)
2014-09-22 18:19:24,932:INFO    :cohorte.composer.node.criteria.distance.history:Thread-25      : Vote preference for spell_checker_python: central-python-auto01 (history.vote() @214)
2014-09-22 18:19:24,932:INFO    :cohorte.composer.node.criteria.distance.history:Thread-25      : Vote preference for spell_client_python: central-python-auto01 (history.vote() @214)
2014-09-22 18:19:24,932:DEBUG   :cohorte.composer.node.composer:Thread-25      : No modification to do (composer._redistribute() @372)
2014-09-22 18:19:34,933:WARNING :cohorte.composer.node.composer:Thread-26      : !! Node Composer starts redistribution !!! (composer._redistribute() @339)
2014-09-22 18:19:34,948:INFO    :cohorte.composer.node.criteria.distance.history:Thread-26      : Vote preference for dictionary_en_python: central-python-auto01 (history.vote() @214)
2014-09-22 18:19:34,948:INFO    :cohorte.composer.node.criteria.distance.history:Thread-26      : Vote preference for dictionary_fr_python: central-python-auto01 (history.vote() @214)
2014-09-22 18:19:34,949:INFO    :cohorte.composer.node.criteria.distance.history:Thread-26      : Vote preference for spell_checker_python: central-python-auto01 (history.vote() @214)
2014-09-22 18:19:34,949:INFO    :cohorte.composer.node.criteria.distance.history:Thread-26      : Vote preference for spell_client_python: central-python-auto01 (history.vote() @214)
2014-09-22 18:19:34,949:DEBUG   :cohorte.composer.node.composer:Thread-26      : No modification to do (composer._redistribute() @372)
2014-09-22 18:19:44,950:WARNING :cohorte.composer.node.composer:Thread-27      : !! Node Composer starts redistribution !!! (composer._redistribute() @339)
2014-09-22 18:19:44,961:INFO    :cohorte.composer.node.criteria.distance.history:Thread-27      : Vote preference for dictionary_en_python: central-python-auto01 (history.vote() @214)
2014-09-22 18:19:44,962:INFO    :cohorte.composer.node.criteria.distance.history:Thread-27      : Vote preference for dictionary_fr_python: central-python-auto01 (history.vote() @214)
2014-09-22 18:19:44,962:INFO    :cohorte.composer.node.criteria.distance.history:Thread-27      : Vote preference for spell_checker_python: central-python-auto01 (history.vote() @214)
2014-09-22 18:19:44,962:INFO    :cohorte.composer.node.criteria.distance.history:Thread-27      : Vote preference for spell_client_python: central-python-auto01 (history.vote() @214)
2014-09-22 18:19:44,962:DEBUG   :cohorte.composer.node.composer:Thread-27      : No modification to do (composer._redistribute() @372)
2014-09-22 18:19:54,964:WARNING :cohorte.composer.node.composer:Thread-28      : !! Node Composer starts redistribution !!! (composer._redistribute() @339)
2014-09-22 18:19:54,972:INFO    :cohorte.composer.node.criteria.distance.history:Thread-28      : Vote preference for dictionary_en_python: central-python-auto01 (history.vote() @214)
2014-09-22 18:19:54,973:INFO    :cohorte.composer.node.criteria.distance.history:Thread-28      : Vote preference for dictionary_fr_python: central-python-auto01 (history.vote() @214)
2014-09-22 18:19:54,973:INFO    :cohorte.composer.node.criteria.distance.history:Thread-28      : Vote preference for spell_checker_python: central-python-auto01 (history.vote() @214)
2014-09-22 18:19:54,973:INFO    :cohorte.composer.node.criteria.distance.history:Thread-28      : Vote preference for spell_client_python: central-python-auto01 (history.vote() @214)
2014-09-22 18:19:54,974:DEBUG   :cohorte.composer.node.composer:Thread-28      : No modification to do (composer._redistribute() @372)
2014-09-22 18:20:04,975:WARNING :cohorte.composer.node.composer:Thread-29      : !! Node Composer starts redistribution !!! (composer._redistribute() @339)
2014-09-22 18:20:04,985:INFO    :cohorte.composer.node.criteria.distance.history:Thread-29      : Vote preference for dictionary_en_python: central-python-auto01 (history.vote() @214)
2014-09-22 18:20:04,986:INFO    :cohorte.composer.node.criteria.distance.history:Thread-29      : Vote preference for dictionary_fr_python: central-python-auto01 (history.vote() @214)
2014-09-22 18:20:04,986:INFO    :cohorte.composer.node.criteria.distance.history:Thread-29      : Vote preference for spell_checker_python: central-python-auto01 (history.vote() @214)
2014-09-22 18:20:04,986:INFO    :cohorte.composer.node.criteria.distance.history:Thread-29      : Vote preference for spell_client_python: central-python-auto01 (history.vote() @214)
2014-09-22 18:20:04,987:DEBUG   :cohorte.composer.node.composer:Thread-29      : No modification to do (composer._redistribute() @372)
2014-09-22 18:20:14,987:WARNING :cohorte.composer.node.composer:Thread-30      : !! Node Composer starts redistribution !!! (composer._redistribute() @339)
2014-09-22 18:20:14,998:INFO    :cohorte.composer.node.criteria.distance.history:Thread-30      : Vote preference for dictionary_en_python: central-python-auto01 (history.vote() @214)
2014-09-22 18:20:14,999:INFO    :cohorte.composer.node.criteria.distance.history:Thread-30      : Vote preference for dictionary_fr_python: central-python-auto01 (history.vote() @214)
2014-09-22 18:20:14,999:INFO    :cohorte.composer.node.criteria.distance.history:Thread-30      : Vote preference for spell_checker_python: central-python-auto01 (history.vote() @214)
2014-09-22 18:20:15,000:INFO    :cohorte.composer.node.criteria.distance.history:Thread-30      : Vote preference for spell_client_python: central-python-auto01 (history.vote() @214)
2014-09-22 18:20:15,000:DEBUG   :cohorte.composer.node.composer:Thread-30      : No modification to do (composer._redistribute() @372)
2014-09-22 18:20:25,001:WARNING :cohorte.composer.node.composer:Thread-31      : !! Node Composer starts redistribution !!! (composer._redistribute() @339)
2014-09-22 18:20:25,013:INFO    :cohorte.composer.node.criteria.distance.history:Thread-31      : Vote preference for dictionary_en_python: central-python-auto01 (history.vote() @214)
2014-09-22 18:20:25,013:INFO    :cohorte.composer.node.criteria.distance.history:Thread-31      : Vote preference for dictionary_fr_python: central-python-auto01 (history.vote() @214)
2014-09-22 18:20:25,014:INFO    :cohorte.composer.node.criteria.distance.history:Thread-31      : Vote preference for spell_checker_python: central-python-auto01 (history.vote() @214)
2014-09-22 18:20:25,014:INFO    :cohorte.composer.node.criteria.distance.history:Thread-31      : Vote preference for spell_client_python: central-python-auto01 (history.vote() @214)
2014-09-22 18:20:25,014:DEBUG   :cohorte.composer.node.composer:Thread-31      : No modification to do (composer._redistribute() @372)
2014-09-22 18:20:35,015:WARNING :cohorte.composer.node.composer:Thread-32      : !! Node Composer starts redistribution !!! (composer._redistribute() @339)
2014-09-22 18:20:35,028:INFO    :cohorte.composer.node.criteria.distance.history:Thread-32      : Vote preference for dictionary_en_python: central-python-auto01 (history.vote() @214)
2014-09-22 18:20:35,028:INFO    :cohorte.composer.node.criteria.distance.history:Thread-32      : Vote preference for dictionary_fr_python: central-python-auto01 (history.vote() @214)
2014-09-22 18:20:35,029:INFO    :cohorte.composer.node.criteria.distance.history:Thread-32      : Vote preference for spell_checker_python: central-python-auto01 (history.vote() @214)
2014-09-22 18:20:35,029:INFO    :cohorte.composer.node.criteria.distance.history:Thread-32      : Vote preference for spell_client_python: central-python-auto01 (history.vote() @214)
2014-09-22 18:20:35,029:DEBUG   :cohorte.composer.node.composer:Thread-32      : No modification to do (composer._redistribute() @372)
2014-09-22 18:20:39,216:WARNING :cohorte.forker.basic:Pelix-Shell-TextConsole: Sending 'forker stopping' signal. (basic._send_stopping() @356)
2014-09-22 18:20:39,236:INFO    :cohorte.monitor.basic:Pelix-Shell-TextConsole: Monitor core invalidated (basic.invalidate() @468)
2014-09-22 18:20:39,237:INFO    :cohorte.monitor.status:Pelix-Shell-TextConsole: Monitor status invalidated (status.invalidate() @190)
2014-09-22 18:20:39,239:INFO    :cohorte.forker.basic:Pelix-Shell-TextConsole: Forker invalidated (basic._invalidate() @436)
2014-09-22 18:20:39,241:DEBUG   :cohorte.forker.state_updater:Pelix-Shell-TextConsole: State updater invalidated (state_updater.invalidate() @182)
2014-09-22 18:20:39,242:DEBUG   :cohorte.forker.state:Pelix-Shell-TextConsole: Isolate directory invalidated (state.invalidate() @192)
2014-09-22 18:20:39,243:INFO    :cohorte.debug.servlet:Pelix-Shell-TextConsole: Debug servlet Gone (servlet.invalidate() @356)
2014-09-22 18:20:39,395:INFO    :pelix.shell.remote  :Pelix-Shell-TextConsole: RemoteShell gone from port: 8001 (remote.invalidate() @392)
2014-09-22 18:20:39,397:INFO    :pelix.shell.core    :Pelix-Shell-TextConsole: Shell services unregistered (core.stop() @1509)
2014-09-22 18:20:39,978:INFO    :pelix-http-service  :Pelix-Shell-TextConsole: Shutting down HTTP server: [::]:8000 ... (basic.log() @707)
2014-09-22 18:20:40,036:INFO    :pelix-http-service  :Pelix-Shell-TextConsole: Waiting HTTP server ([::]:8000) thread to stop... (basic.log() @707)
2014-09-22 18:20:40,037:INFO    :pelix-http-service  :Pelix-Shell-TextConsole: HTTP server down: [::]:8000 ... (basic.log() @707)
2014-09-22 18:20:40,043:DEBUG   :__main__            :MainThread     : Framework stopped. (boot._run_framework() @260)
2014-09-22 18:20:40,043:DEBUG   :__main__            :MainThread     : Framework deleted. (boot._run_framework() @277)
